04-Oct-2015 14:09:49.389 INFO [main] org.apache.catalina.startup.VersionLoggerListener.log Server version:        Apache Tomcat/8.0.27
04-Oct-2015 14:09:49.390 INFO [main] org.apache.catalina.startup.VersionLoggerListener.log Server built:          Sep 28 2015 08:17:25 UTC
04-Oct-2015 14:09:49.390 INFO [main] org.apache.catalina.startup.VersionLoggerListener.log Server number:         8.0.27.0
04-Oct-2015 14:09:49.390 INFO [main] org.apache.catalina.startup.VersionLoggerListener.log OS Name:               Linux
04-Oct-2015 14:09:49.391 INFO [main] org.apache.catalina.startup.VersionLoggerListener.log OS Version:            3.19.0-30-generic
04-Oct-2015 14:09:49.391 INFO [main] org.apache.catalina.startup.VersionLoggerListener.log Architecture:          amd64
04-Oct-2015 14:09:49.391 INFO [main] org.apache.catalina.startup.VersionLoggerListener.log Java Home:             /usr/lib/jvm/java-8-oracle/jre
04-Oct-2015 14:09:49.391 INFO [main] org.apache.catalina.startup.VersionLoggerListener.log JVM Version:           1.8.0_60-b27
04-Oct-2015 14:09:49.391 INFO [main] org.apache.catalina.startup.VersionLoggerListener.log JVM Vendor:            Oracle Corporation
04-Oct-2015 14:09:49.391 INFO [main] org.apache.catalina.startup.VersionLoggerListener.log CATALINA_BASE:         /home/silver/Java/Web/apache-tomcat-8.0.27
04-Oct-2015 14:09:49.391 INFO [main] org.apache.catalina.startup.VersionLoggerListener.log CATALINA_HOME:         /home/silver/Java/Web/apache-tomcat-8.0.27
04-Oct-2015 14:09:49.392 INFO [main] org.apache.catalina.startup.VersionLoggerListener.log Command line argument: -Djava.util.logging.config.file=/home/silver/Java/Web/apache-tomcat-8.0.27/conf/logging.properties
04-Oct-2015 14:09:49.392 INFO [main] org.apache.catalina.startup.VersionLoggerListener.log Command line argument: -Djava.util.logging.manager=org.apache.juli.ClassLoaderLogManager
04-Oct-2015 14:09:49.392 INFO [main] org.apache.catalina.startup.VersionLoggerListener.log Command line argument: -Djava.endorsed.dirs=/home/silver/Java/Web/apache-tomcat-8.0.27/endorsed
04-Oct-2015 14:09:49.392 INFO [main] org.apache.catalina.startup.VersionLoggerListener.log Command line argument: -Dcatalina.base=/home/silver/Java/Web/apache-tomcat-8.0.27
04-Oct-2015 14:09:49.392 INFO [main] org.apache.catalina.startup.VersionLoggerListener.log Command line argument: -Dcatalina.home=/home/silver/Java/Web/apache-tomcat-8.0.27
04-Oct-2015 14:09:49.393 INFO [main] org.apache.catalina.startup.VersionLoggerListener.log Command line argument: -Djava.io.tmpdir=/home/silver/Java/Web/apache-tomcat-8.0.27/temp
04-Oct-2015 14:09:49.393 INFO [main] org.apache.catalina.core.AprLifecycleListener.lifecycleEvent The APR based Apache Tomcat Native library which allows optimal performance in production environments was not found on the java.library.path: /usr/java/packages/lib/amd64:/usr/lib64:/lib64:/lib:/usr/lib
04-Oct-2015 14:09:49.528 INFO [main] org.apache.coyote.AbstractProtocol.init Initializing ProtocolHandler ["http-nio-80"]
04-Oct-2015 14:09:49.540 INFO [main] org.apache.tomcat.util.net.NioSelectorPool.getSharedSelector Using a shared selector for servlet write/read
04-Oct-2015 14:09:49.542 INFO [main] org.apache.coyote.AbstractProtocol.init Initializing ProtocolHandler ["ajp-nio-8009"]
04-Oct-2015 14:09:49.544 INFO [main] org.apache.tomcat.util.net.NioSelectorPool.getSharedSelector Using a shared selector for servlet write/read
04-Oct-2015 14:09:49.544 INFO [main] org.apache.catalina.startup.Catalina.load Initialization processed in 530 ms
04-Oct-2015 14:09:49.560 INFO [main] org.apache.catalina.core.StandardService.startInternal Starting service Catalina
04-Oct-2015 14:09:49.561 INFO [main] org.apache.catalina.core.StandardEngine.startInternal Starting Servlet Engine: Apache Tomcat/8.0.27
04-Oct-2015 14:09:49.806 INFO [main] org.apache.coyote.AbstractProtocol.start Starting ProtocolHandler ["http-nio-80"]
04-Oct-2015 14:09:49.812 INFO [main] org.apache.coyote.AbstractProtocol.start Starting ProtocolHandler ["ajp-nio-8009"]
04-Oct-2015 14:09:49.813 INFO [main] org.apache.catalina.startup.Catalina.start Server startup in 269 ms
04-Oct-2015 14:49:33.200 INFO [main] org.apache.catalina.core.StandardServer.await A valid shutdown command was received via the shutdown port. Stopping the Server instance.
04-Oct-2015 14:49:33.200 INFO [main] org.apache.coyote.AbstractProtocol.pause Pausing ProtocolHandler ["http-nio-80"]
04-Oct-2015 14:49:33.254 INFO [main] org.apache.coyote.AbstractProtocol.pause Pausing ProtocolHandler ["ajp-nio-8009"]
04-Oct-2015 14:49:33.305 INFO [main] org.apache.catalina.core.StandardService.stopInternal Stopping service Catalina
04-Oct-2015 14:49:33.319 INFO [main] org.apache.coyote.AbstractProtocol.stop Stopping ProtocolHandler ["http-nio-80"]
04-Oct-2015 14:49:33.322 INFO [main] org.apache.coyote.AbstractProtocol.stop Stopping ProtocolHandler ["ajp-nio-8009"]
04-Oct-2015 14:49:33.324 INFO [main] org.apache.coyote.AbstractProtocol.destroy Destroying ProtocolHandler ["http-nio-80"]
04-Oct-2015 14:49:33.324 INFO [main] org.apache.coyote.AbstractProtocol.destroy Destroying ProtocolHandler ["ajp-nio-8009"]
04-Oct-2015 14:49:40.669 INFO [main] org.apache.catalina.startup.VersionLoggerListener.log Server version:        Apache Tomcat/8.0.27
04-Oct-2015 14:49:40.670 INFO [main] org.apache.catalina.startup.VersionLoggerListener.log Server built:          Sep 28 2015 08:17:25 UTC
04-Oct-2015 14:49:40.670 INFO [main] org.apache.catalina.startup.VersionLoggerListener.log Server number:         8.0.27.0
04-Oct-2015 14:49:40.671 INFO [main] org.apache.catalina.startup.VersionLoggerListener.log OS Name:               Linux
04-Oct-2015 14:49:40.671 INFO [main] org.apache.catalina.startup.VersionLoggerListener.log OS Version:            3.19.0-30-generic
04-Oct-2015 14:49:40.671 INFO [main] org.apache.catalina.startup.VersionLoggerListener.log Architecture:          amd64
04-Oct-2015 14:49:40.671 INFO [main] org.apache.catalina.startup.VersionLoggerListener.log Java Home:             /usr/lib/jvm/java-8-oracle/jre
04-Oct-2015 14:49:40.671 INFO [main] org.apache.catalina.startup.VersionLoggerListener.log JVM Version:           1.8.0_60-b27
04-Oct-2015 14:49:40.671 INFO [main] org.apache.catalina.startup.VersionLoggerListener.log JVM Vendor:            Oracle Corporation
04-Oct-2015 14:49:40.672 INFO [main] org.apache.catalina.startup.VersionLoggerListener.log CATALINA_BASE:         /home/silver/Java/Web/apache-tomcat-8.0.27
04-Oct-2015 14:49:40.672 INFO [main] org.apache.catalina.startup.VersionLoggerListener.log CATALINA_HOME:         /home/silver/Java/Web/apache-tomcat-8.0.27
04-Oct-2015 14:49:40.672 INFO [main] org.apache.catalina.startup.VersionLoggerListener.log Command line argument: -Djava.util.logging.config.file=/home/silver/Java/Web/apache-tomcat-8.0.27/conf/logging.properties
04-Oct-2015 14:49:40.672 INFO [main] org.apache.catalina.startup.VersionLoggerListener.log Command line argument: -Djava.util.logging.manager=org.apache.juli.ClassLoaderLogManager
04-Oct-2015 14:49:40.672 INFO [main] org.apache.catalina.startup.VersionLoggerListener.log Command line argument: -Djava.endorsed.dirs=/home/silver/Java/Web/apache-tomcat-8.0.27/endorsed
04-Oct-2015 14:49:40.673 INFO [main] org.apache.catalina.startup.VersionLoggerListener.log Command line argument: -Dcatalina.base=/home/silver/Java/Web/apache-tomcat-8.0.27
04-Oct-2015 14:49:40.673 INFO [main] org.apache.catalina.startup.VersionLoggerListener.log Command line argument: -Dcatalina.home=/home/silver/Java/Web/apache-tomcat-8.0.27
04-Oct-2015 14:49:40.673 INFO [main] org.apache.catalina.startup.VersionLoggerListener.log Command line argument: -Djava.io.tmpdir=/home/silver/Java/Web/apache-tomcat-8.0.27/temp
04-Oct-2015 14:49:40.673 INFO [main] org.apache.catalina.core.AprLifecycleListener.lifecycleEvent The APR based Apache Tomcat Native library which allows optimal performance in production environments was not found on the java.library.path: /usr/java/packages/lib/amd64:/usr/lib64:/lib64:/lib:/usr/lib
04-Oct-2015 14:49:40.825 INFO [main] org.apache.coyote.AbstractProtocol.init Initializing ProtocolHandler ["http-nio-80"]
04-Oct-2015 14:49:40.838 INFO [main] org.apache.tomcat.util.net.NioSelectorPool.getSharedSelector Using a shared selector for servlet write/read
04-Oct-2015 14:49:40.840 INFO [main] org.apache.coyote.AbstractProtocol.init Initializing ProtocolHandler ["ajp-nio-8009"]
04-Oct-2015 14:49:40.841 INFO [main] org.apache.tomcat.util.net.NioSelectorPool.getSharedSelector Using a shared selector for servlet write/read
04-Oct-2015 14:49:40.841 INFO [main] org.apache.catalina.startup.Catalina.load Initialization processed in 544 ms
04-Oct-2015 14:49:40.877 INFO [main] org.apache.catalina.core.StandardService.startInternal Starting service Catalina
04-Oct-2015 14:49:40.878 INFO [main] org.apache.catalina.core.StandardEngine.startInternal Starting Servlet Engine: Apache Tomcat/8.0.27
04-Oct-2015 14:49:41.107 INFO [main] org.apache.coyote.AbstractProtocol.start Starting ProtocolHandler ["http-nio-80"]
04-Oct-2015 14:49:41.111 INFO [main] org.apache.coyote.AbstractProtocol.start Starting ProtocolHandler ["ajp-nio-8009"]
04-Oct-2015 14:49:41.112 INFO [main] org.apache.catalina.startup.Catalina.start Server startup in 270 ms
04-Oct-2015 14:54:18.941 INFO [main] org.apache.catalina.core.StandardServer.await A valid shutdown command was received via the shutdown port. Stopping the Server instance.
04-Oct-2015 14:54:18.942 INFO [main] org.apache.coyote.AbstractProtocol.pause Pausing ProtocolHandler ["http-nio-80"]
04-Oct-2015 14:54:18.997 INFO [main] org.apache.coyote.AbstractProtocol.pause Pausing ProtocolHandler ["ajp-nio-8009"]
04-Oct-2015 14:54:19.048 INFO [main] org.apache.catalina.core.StandardService.stopInternal Stopping service Catalina
04-Oct-2015 14:54:19.063 INFO [main] org.apache.coyote.AbstractProtocol.stop Stopping ProtocolHandler ["http-nio-80"]
04-Oct-2015 14:54:19.064 INFO [main] org.apache.coyote.AbstractProtocol.stop Stopping ProtocolHandler ["ajp-nio-8009"]
04-Oct-2015 14:54:19.065 INFO [main] org.apache.coyote.AbstractProtocol.destroy Destroying ProtocolHandler ["http-nio-80"]
04-Oct-2015 14:54:19.065 INFO [main] org.apache.coyote.AbstractProtocol.destroy Destroying ProtocolHandler ["ajp-nio-8009"]
04-Oct-2015 14:54:21.693 INFO [main] org.apache.catalina.startup.VersionLoggerListener.log Server version:        Apache Tomcat/8.0.27
04-Oct-2015 14:54:21.694 INFO [main] org.apache.catalina.startup.VersionLoggerListener.log Server built:          Sep 28 2015 08:17:25 UTC
04-Oct-2015 14:54:21.694 INFO [main] org.apache.catalina.startup.VersionLoggerListener.log Server number:         8.0.27.0
04-Oct-2015 14:54:21.694 INFO [main] org.apache.catalina.startup.VersionLoggerListener.log OS Name:               Linux
04-Oct-2015 14:54:21.694 INFO [main] org.apache.catalina.startup.VersionLoggerListener.log OS Version:            3.19.0-30-generic
04-Oct-2015 14:54:21.694 INFO [main] org.apache.catalina.startup.VersionLoggerListener.log Architecture:          amd64
04-Oct-2015 14:54:21.694 INFO [main] org.apache.catalina.startup.VersionLoggerListener.log Java Home:             /usr/lib/jvm/java-8-oracle/jre
04-Oct-2015 14:54:21.695 INFO [main] org.apache.catalina.startup.VersionLoggerListener.log JVM Version:           1.8.0_60-b27
04-Oct-2015 14:54:21.695 INFO [main] org.apache.catalina.startup.VersionLoggerListener.log JVM Vendor:            Oracle Corporation
04-Oct-2015 14:54:21.695 INFO [main] org.apache.catalina.startup.VersionLoggerListener.log CATALINA_BASE:         /home/silver/Java/Web/apache-tomcat-8.0.27
04-Oct-2015 14:54:21.695 INFO [main] org.apache.catalina.startup.VersionLoggerListener.log CATALINA_HOME:         /home/silver/Java/Web/apache-tomcat-8.0.27
04-Oct-2015 14:54:21.695 INFO [main] org.apache.catalina.startup.VersionLoggerListener.log Command line argument: -Djava.util.logging.config.file=/home/silver/Java/Web/apache-tomcat-8.0.27/conf/logging.properties
04-Oct-2015 14:54:21.696 INFO [main] org.apache.catalina.startup.VersionLoggerListener.log Command line argument: -Djava.util.logging.manager=org.apache.juli.ClassLoaderLogManager
04-Oct-2015 14:54:21.696 INFO [main] org.apache.catalina.startup.VersionLoggerListener.log Command line argument: -Djava.endorsed.dirs=/home/silver/Java/Web/apache-tomcat-8.0.27/endorsed
04-Oct-2015 14:54:21.696 INFO [main] org.apache.catalina.startup.VersionLoggerListener.log Command line argument: -Dcatalina.base=/home/silver/Java/Web/apache-tomcat-8.0.27
04-Oct-2015 14:54:21.696 INFO [main] org.apache.catalina.startup.VersionLoggerListener.log Command line argument: -Dcatalina.home=/home/silver/Java/Web/apache-tomcat-8.0.27
04-Oct-2015 14:54:21.696 INFO [main] org.apache.catalina.startup.VersionLoggerListener.log Command line argument: -Djava.io.tmpdir=/home/silver/Java/Web/apache-tomcat-8.0.27/temp
04-Oct-2015 14:54:21.696 INFO [main] org.apache.catalina.core.AprLifecycleListener.lifecycleEvent The APR based Apache Tomcat Native library which allows optimal performance in production environments was not found on the java.library.path: /usr/java/packages/lib/amd64:/usr/lib64:/lib64:/lib:/usr/lib
04-Oct-2015 14:54:21.883 INFO [main] org.apache.coyote.AbstractProtocol.init Initializing ProtocolHandler ["http-nio-80"]
04-Oct-2015 14:54:21.898 INFO [main] org.apache.tomcat.util.net.NioSelectorPool.getSharedSelector Using a shared selector for servlet write/read
04-Oct-2015 14:54:21.901 INFO [main] org.apache.coyote.AbstractProtocol.init Initializing ProtocolHandler ["ajp-nio-8009"]
04-Oct-2015 14:54:21.903 INFO [main] org.apache.tomcat.util.net.NioSelectorPool.getSharedSelector Using a shared selector for servlet write/read
04-Oct-2015 14:54:21.903 INFO [main] org.apache.catalina.startup.Catalina.load Initialization processed in 633 ms
04-Oct-2015 14:54:21.934 INFO [main] org.apache.catalina.core.StandardService.startInternal Starting service Catalina
04-Oct-2015 14:54:21.934 INFO [main] org.apache.catalina.core.StandardEngine.startInternal Starting Servlet Engine: Apache Tomcat/8.0.27
04-Oct-2015 14:54:22.306 INFO [main] org.apache.coyote.AbstractProtocol.start Starting ProtocolHandler ["http-nio-80"]
04-Oct-2015 14:54:22.311 INFO [main] org.apache.coyote.AbstractProtocol.start Starting ProtocolHandler ["ajp-nio-8009"]
04-Oct-2015 14:54:22.312 INFO [main] org.apache.catalina.startup.Catalina.start Server startup in 408 ms
04-Oct-2015 15:27:17.474 INFO [main] org.apache.catalina.core.StandardServer.await A valid shutdown command was received via the shutdown port. Stopping the Server instance.
04-Oct-2015 15:27:17.474 INFO [main] org.apache.coyote.AbstractProtocol.pause Pausing ProtocolHandler ["http-nio-80"]
04-Oct-2015 15:27:17.528 INFO [main] org.apache.coyote.AbstractProtocol.pause Pausing ProtocolHandler ["ajp-nio-8009"]
04-Oct-2015 15:27:17.579 INFO [main] org.apache.catalina.core.StandardService.stopInternal Stopping service Catalina
04-Oct-2015 15:27:17.598 INFO [main] org.apache.coyote.AbstractProtocol.stop Stopping ProtocolHandler ["http-nio-80"]
04-Oct-2015 15:27:17.670 INFO [main] org.apache.coyote.AbstractProtocol.stop Stopping ProtocolHandler ["ajp-nio-8009"]
04-Oct-2015 15:27:17.671 INFO [main] org.apache.coyote.AbstractProtocol.destroy Destroying ProtocolHandler ["http-nio-80"]
04-Oct-2015 15:27:17.672 INFO [main] org.apache.coyote.AbstractProtocol.destroy Destroying ProtocolHandler ["ajp-nio-8009"]
04-Oct-2015 15:27:23.134 INFO [main] org.apache.catalina.startup.VersionLoggerListener.log Server version:        Apache Tomcat/8.0.27
04-Oct-2015 15:27:23.135 INFO [main] org.apache.catalina.startup.VersionLoggerListener.log Server built:          Sep 28 2015 08:17:25 UTC
04-Oct-2015 15:27:23.135 INFO [main] org.apache.catalina.startup.VersionLoggerListener.log Server number:         8.0.27.0
04-Oct-2015 15:27:23.135 INFO [main] org.apache.catalina.startup.VersionLoggerListener.log OS Name:               Linux
04-Oct-2015 15:27:23.136 INFO [main] org.apache.catalina.startup.VersionLoggerListener.log OS Version:            3.19.0-30-generic
04-Oct-2015 15:27:23.136 INFO [main] org.apache.catalina.startup.VersionLoggerListener.log Architecture:          amd64
04-Oct-2015 15:27:23.136 INFO [main] org.apache.catalina.startup.VersionLoggerListener.log Java Home:             /usr/lib/jvm/java-8-oracle/jre
04-Oct-2015 15:27:23.136 INFO [main] org.apache.catalina.startup.VersionLoggerListener.log JVM Version:           1.8.0_60-b27
04-Oct-2015 15:27:23.136 INFO [main] org.apache.catalina.startup.VersionLoggerListener.log JVM Vendor:            Oracle Corporation
04-Oct-2015 15:27:23.136 INFO [main] org.apache.catalina.startup.VersionLoggerListener.log CATALINA_BASE:         /home/silver/Java/Web/apache-tomcat-8.0.27
04-Oct-2015 15:27:23.136 INFO [main] org.apache.catalina.startup.VersionLoggerListener.log CATALINA_HOME:         /home/silver/Java/Web/apache-tomcat-8.0.27
04-Oct-2015 15:27:23.137 INFO [main] org.apache.catalina.startup.VersionLoggerListener.log Command line argument: -Djava.util.logging.config.file=/home/silver/Java/Web/apache-tomcat-8.0.27/conf/logging.properties
04-Oct-2015 15:27:23.137 INFO [main] org.apache.catalina.startup.VersionLoggerListener.log Command line argument: -Djava.util.logging.manager=org.apache.juli.ClassLoaderLogManager
04-Oct-2015 15:27:23.137 INFO [main] org.apache.catalina.startup.VersionLoggerListener.log Command line argument: -Djava.endorsed.dirs=/home/silver/Java/Web/apache-tomcat-8.0.27/endorsed
04-Oct-2015 15:27:23.137 INFO [main] org.apache.catalina.startup.VersionLoggerListener.log Command line argument: -Dcatalina.base=/home/silver/Java/Web/apache-tomcat-8.0.27
04-Oct-2015 15:27:23.137 INFO [main] org.apache.catalina.startup.VersionLoggerListener.log Command line argument: -Dcatalina.home=/home/silver/Java/Web/apache-tomcat-8.0.27
04-Oct-2015 15:27:23.138 INFO [main] org.apache.catalina.startup.VersionLoggerListener.log Command line argument: -Djava.io.tmpdir=/home/silver/Java/Web/apache-tomcat-8.0.27/temp
04-Oct-2015 15:27:23.138 INFO [main] org.apache.catalina.core.AprLifecycleListener.lifecycleEvent The APR based Apache Tomcat Native library which allows optimal performance in production environments was not found on the java.library.path: /usr/java/packages/lib/amd64:/usr/lib64:/lib64:/lib:/usr/lib
04-Oct-2015 15:27:23.259 INFO [main] org.apache.coyote.AbstractProtocol.init Initializing ProtocolHandler ["http-nio-80"]
04-Oct-2015 15:27:23.272 INFO [main] org.apache.tomcat.util.net.NioSelectorPool.getSharedSelector Using a shared selector for servlet write/read
04-Oct-2015 15:27:23.274 INFO [main] org.apache.coyote.AbstractProtocol.init Initializing ProtocolHandler ["ajp-nio-8009"]
04-Oct-2015 15:27:23.275 INFO [main] org.apache.tomcat.util.net.NioSelectorPool.getSharedSelector Using a shared selector for servlet write/read
04-Oct-2015 15:27:23.276 INFO [main] org.apache.catalina.startup.Catalina.load Initialization processed in 517 ms
04-Oct-2015 15:27:23.293 INFO [main] org.apache.catalina.core.StandardService.startInternal Starting service Catalina
04-Oct-2015 15:27:23.293 INFO [main] org.apache.catalina.core.StandardEngine.startInternal Starting Servlet Engine: Apache Tomcat/8.0.27
04-Oct-2015 15:27:23.575 INFO [main] org.apache.coyote.AbstractProtocol.start Starting ProtocolHandler ["http-nio-80"]
04-Oct-2015 15:27:23.579 INFO [main] org.apache.coyote.AbstractProtocol.start Starting ProtocolHandler ["ajp-nio-8009"]
04-Oct-2015 15:27:23.580 INFO [main] org.apache.catalina.startup.Catalina.start Server startup in 304 ms
04-Oct-2015 15:28:35.518 INFO [main] org.apache.catalina.core.StandardServer.await A valid shutdown command was received via the shutdown port. Stopping the Server instance.
04-Oct-2015 15:28:35.519 INFO [main] org.apache.coyote.AbstractProtocol.pause Pausing ProtocolHandler ["http-nio-80"]
04-Oct-2015 15:28:35.571 INFO [main] org.apache.coyote.AbstractProtocol.pause Pausing ProtocolHandler ["ajp-nio-8009"]
04-Oct-2015 15:28:35.622 INFO [main] org.apache.catalina.core.StandardService.stopInternal Stopping service Catalina
04-Oct-2015 15:28:35.639 INFO [main] org.apache.coyote.AbstractProtocol.stop Stopping ProtocolHandler ["http-nio-80"]
04-Oct-2015 15:28:35.641 INFO [main] org.apache.coyote.AbstractProtocol.stop Stopping ProtocolHandler ["ajp-nio-8009"]
04-Oct-2015 15:28:35.641 INFO [main] org.apache.coyote.AbstractProtocol.destroy Destroying ProtocolHandler ["http-nio-80"]
04-Oct-2015 15:28:35.642 INFO [main] org.apache.coyote.AbstractProtocol.destroy Destroying ProtocolHandler ["ajp-nio-8009"]
04-Oct-2015 15:28:37.371 INFO [main] org.apache.catalina.startup.VersionLoggerListener.log Server version:        Apache Tomcat/8.0.27
04-Oct-2015 15:28:37.372 INFO [main] org.apache.catalina.startup.VersionLoggerListener.log Server built:          Sep 28 2015 08:17:25 UTC
04-Oct-2015 15:28:37.372 INFO [main] org.apache.catalina.startup.VersionLoggerListener.log Server number:         8.0.27.0
04-Oct-2015 15:28:37.372 INFO [main] org.apache.catalina.startup.VersionLoggerListener.log OS Name:               Linux
04-Oct-2015 15:28:37.372 INFO [main] org.apache.catalina.startup.VersionLoggerListener.log OS Version:            3.19.0-30-generic
04-Oct-2015 15:28:37.372 INFO [main] org.apache.catalina.startup.VersionLoggerListener.log Architecture:          amd64
04-Oct-2015 15:28:37.373 INFO [main] org.apache.catalina.startup.VersionLoggerListener.log Java Home:             /usr/lib/jvm/java-8-oracle/jre
04-Oct-2015 15:28:37.373 INFO [main] org.apache.catalina.startup.VersionLoggerListener.log JVM Version:           1.8.0_60-b27
04-Oct-2015 15:28:37.373 INFO [main] org.apache.catalina.startup.VersionLoggerListener.log JVM Vendor:            Oracle Corporation
04-Oct-2015 15:28:37.373 INFO [main] org.apache.catalina.startup.VersionLoggerListener.log CATALINA_BASE:         /home/silver/Java/Web/apache-tomcat-8.0.27
04-Oct-2015 15:28:37.373 INFO [main] org.apache.catalina.startup.VersionLoggerListener.log CATALINA_HOME:         /home/silver/Java/Web/apache-tomcat-8.0.27
04-Oct-2015 15:28:37.374 INFO [main] org.apache.catalina.startup.VersionLoggerListener.log Command line argument: -Djava.util.logging.config.file=/home/silver/Java/Web/apache-tomcat-8.0.27/conf/logging.properties
04-Oct-2015 15:28:37.374 INFO [main] org.apache.catalina.startup.VersionLoggerListener.log Command line argument: -Djava.util.logging.manager=org.apache.juli.ClassLoaderLogManager
04-Oct-2015 15:28:37.374 INFO [main] org.apache.catalina.startup.VersionLoggerListener.log Command line argument: -Djava.endorsed.dirs=/home/silver/Java/Web/apache-tomcat-8.0.27/endorsed
04-Oct-2015 15:28:37.374 INFO [main] org.apache.catalina.startup.VersionLoggerListener.log Command line argument: -Dcatalina.base=/home/silver/Java/Web/apache-tomcat-8.0.27
04-Oct-2015 15:28:37.374 INFO [main] org.apache.catalina.startup.VersionLoggerListener.log Command line argument: -Dcatalina.home=/home/silver/Java/Web/apache-tomcat-8.0.27
04-Oct-2015 15:28:37.374 INFO [main] org.apache.catalina.startup.VersionLoggerListener.log Command line argument: -Djava.io.tmpdir=/home/silver/Java/Web/apache-tomcat-8.0.27/temp
04-Oct-2015 15:28:37.374 INFO [main] org.apache.catalina.core.AprLifecycleListener.lifecycleEvent The APR based Apache Tomcat Native library which allows optimal performance in production environments was not found on the java.library.path: /usr/java/packages/lib/amd64:/usr/lib64:/lib64:/lib:/usr/lib
04-Oct-2015 15:28:37.508 INFO [main] org.apache.coyote.AbstractProtocol.init Initializing ProtocolHandler ["http-nio-80"]
04-Oct-2015 15:28:37.520 INFO [main] org.apache.tomcat.util.net.NioSelectorPool.getSharedSelector Using a shared selector for servlet write/read
04-Oct-2015 15:28:37.522 INFO [main] org.apache.coyote.AbstractProtocol.init Initializing ProtocolHandler ["ajp-nio-8009"]
04-Oct-2015 15:28:37.523 INFO [main] org.apache.tomcat.util.net.NioSelectorPool.getSharedSelector Using a shared selector for servlet write/read
04-Oct-2015 15:28:37.524 INFO [main] org.apache.catalina.startup.Catalina.load Initialization processed in 541 ms
04-Oct-2015 15:28:37.540 INFO [main] org.apache.catalina.core.StandardService.startInternal Starting service Catalina
04-Oct-2015 15:28:37.541 INFO [main] org.apache.catalina.core.StandardEngine.startInternal Starting Servlet Engine: Apache Tomcat/8.0.27
04-Oct-2015 15:28:37.781 INFO [main] org.apache.coyote.AbstractProtocol.start Starting ProtocolHandler ["http-nio-80"]
04-Oct-2015 15:28:37.785 INFO [main] org.apache.coyote.AbstractProtocol.start Starting ProtocolHandler ["ajp-nio-8009"]
04-Oct-2015 15:28:37.786 INFO [main] org.apache.catalina.startup.Catalina.start Server startup in 262 ms
04-Oct-2015 15:34:42.037 INFO [main] org.apache.catalina.core.StandardServer.await A valid shutdown command was received via the shutdown port. Stopping the Server instance.
04-Oct-2015 15:34:42.038 INFO [main] org.apache.coyote.AbstractProtocol.pause Pausing ProtocolHandler ["http-nio-80"]
04-Oct-2015 15:34:42.090 INFO [main] org.apache.coyote.AbstractProtocol.pause Pausing ProtocolHandler ["ajp-nio-8009"]
04-Oct-2015 15:34:42.141 INFO [main] org.apache.catalina.core.StandardService.stopInternal Stopping service Catalina
04-Oct-2015 15:34:42.158 INFO [main] org.apache.coyote.AbstractProtocol.stop Stopping ProtocolHandler ["http-nio-80"]
04-Oct-2015 15:34:42.247 INFO [main] org.apache.coyote.AbstractProtocol.stop Stopping ProtocolHandler ["ajp-nio-8009"]
04-Oct-2015 15:34:42.252 INFO [main] org.apache.coyote.AbstractProtocol.destroy Destroying ProtocolHandler ["http-nio-80"]
04-Oct-2015 15:34:42.252 INFO [main] org.apache.coyote.AbstractProtocol.destroy Destroying ProtocolHandler ["ajp-nio-8009"]
04-Oct-2015 15:34:43.955 INFO [main] org.apache.catalina.startup.VersionLoggerListener.log Server version:        Apache Tomcat/8.0.27
04-Oct-2015 15:34:43.956 INFO [main] org.apache.catalina.startup.VersionLoggerListener.log Server built:          Sep 28 2015 08:17:25 UTC
04-Oct-2015 15:34:43.957 INFO [main] org.apache.catalina.startup.VersionLoggerListener.log Server number:         8.0.27.0
04-Oct-2015 15:34:43.957 INFO [main] org.apache.catalina.startup.VersionLoggerListener.log OS Name:               Linux
04-Oct-2015 15:34:43.957 INFO [main] org.apache.catalina.startup.VersionLoggerListener.log OS Version:            3.19.0-30-generic
04-Oct-2015 15:34:43.957 INFO [main] org.apache.catalina.startup.VersionLoggerListener.log Architecture:          amd64
04-Oct-2015 15:34:43.957 INFO [main] org.apache.catalina.startup.VersionLoggerListener.log Java Home:             /usr/lib/jvm/java-8-oracle/jre
04-Oct-2015 15:34:43.957 INFO [main] org.apache.catalina.startup.VersionLoggerListener.log JVM Version:           1.8.0_60-b27
04-Oct-2015 15:34:43.957 INFO [main] org.apache.catalina.startup.VersionLoggerListener.log JVM Vendor:            Oracle Corporation
04-Oct-2015 15:34:43.958 INFO [main] org.apache.catalina.startup.VersionLoggerListener.log CATALINA_BASE:         /home/silver/Java/Web/apache-tomcat-8.0.27
04-Oct-2015 15:34:43.958 INFO [main] org.apache.catalina.startup.VersionLoggerListener.log CATALINA_HOME:         /home/silver/Java/Web/apache-tomcat-8.0.27
04-Oct-2015 15:34:43.958 INFO [main] org.apache.catalina.startup.VersionLoggerListener.log Command line argument: -Djava.util.logging.config.file=/home/silver/Java/Web/apache-tomcat-8.0.27/conf/logging.properties
04-Oct-2015 15:34:43.958 INFO [main] org.apache.catalina.startup.VersionLoggerListener.log Command line argument: -Djava.util.logging.manager=org.apache.juli.ClassLoaderLogManager
04-Oct-2015 15:34:43.958 INFO [main] org.apache.catalina.startup.VersionLoggerListener.log Command line argument: -Djava.endorsed.dirs=/home/silver/Java/Web/apache-tomcat-8.0.27/endorsed
04-Oct-2015 15:34:43.959 INFO [main] org.apache.catalina.startup.VersionLoggerListener.log Command line argument: -Dcatalina.base=/home/silver/Java/Web/apache-tomcat-8.0.27
04-Oct-2015 15:34:43.959 INFO [main] org.apache.catalina.startup.VersionLoggerListener.log Command line argument: -Dcatalina.home=/home/silver/Java/Web/apache-tomcat-8.0.27
04-Oct-2015 15:34:43.959 INFO [main] org.apache.catalina.startup.VersionLoggerListener.log Command line argument: -Djava.io.tmpdir=/home/silver/Java/Web/apache-tomcat-8.0.27/temp
04-Oct-2015 15:34:43.959 INFO [main] org.apache.catalina.core.AprLifecycleListener.lifecycleEvent The APR based Apache Tomcat Native library which allows optimal performance in production environments was not found on the java.library.path: /usr/java/packages/lib/amd64:/usr/lib64:/lib64:/lib:/usr/lib
04-Oct-2015 15:34:44.102 INFO [main] org.apache.coyote.AbstractProtocol.init Initializing ProtocolHandler ["http-nio-80"]
04-Oct-2015 15:34:44.117 INFO [main] org.apache.tomcat.util.net.NioSelectorPool.getSharedSelector Using a shared selector for servlet write/read
04-Oct-2015 15:34:44.119 INFO [main] org.apache.coyote.AbstractProtocol.init Initializing ProtocolHandler ["ajp-nio-8009"]
04-Oct-2015 15:34:44.121 INFO [main] org.apache.tomcat.util.net.NioSelectorPool.getSharedSelector Using a shared selector for servlet write/read
04-Oct-2015 15:34:44.121 INFO [main] org.apache.catalina.startup.Catalina.load Initialization processed in 552 ms
04-Oct-2015 15:34:44.141 INFO [main] org.apache.catalina.core.StandardService.startInternal Starting service Catalina
04-Oct-2015 15:34:44.141 INFO [main] org.apache.catalina.core.StandardEngine.startInternal Starting Servlet Engine: Apache Tomcat/8.0.27
04-Oct-2015 15:34:44.403 INFO [main] org.apache.coyote.AbstractProtocol.start Starting ProtocolHandler ["http-nio-80"]
04-Oct-2015 15:34:44.407 INFO [main] org.apache.coyote.AbstractProtocol.start Starting ProtocolHandler ["ajp-nio-8009"]
04-Oct-2015 15:34:44.408 INFO [main] org.apache.catalina.startup.Catalina.start Server startup in 286 ms
04-Oct-2015 15:35:14.406 INFO [ContainerBackgroundProcessor[StandardEngine[Catalina]]] org.apache.catalina.core.StandardContext.reload Reloading Context with name [] has started
04-Oct-2015 15:35:14.472 INFO [ContainerBackgroundProcessor[StandardEngine[Catalina]]] org.apache.catalina.core.StandardContext.reload Reloading Context with name [] is completed
04-Oct-2015 15:35:34.474 INFO [ContainerBackgroundProcessor[StandardEngine[Catalina]]] org.apache.catalina.core.StandardContext.reload Reloading Context with name [] has started
04-Oct-2015 15:35:34.503 INFO [ContainerBackgroundProcessor[StandardEngine[Catalina]]] org.apache.catalina.core.StandardContext.reload Reloading Context with name [] is completed
04-Oct-2015 15:36:34.509 INFO [ContainerBackgroundProcessor[StandardEngine[Catalina]]] org.apache.catalina.core.StandardContext.reload Reloading Context with name [] has started
04-Oct-2015 15:36:34.567 INFO [ContainerBackgroundProcessor[StandardEngine[Catalina]]] org.apache.catalina.core.StandardContext.reload Reloading Context with name [] is completed
04-Oct-2015 15:37:54.574 INFO [ContainerBackgroundProcessor[StandardEngine[Catalina]]] org.apache.catalina.core.StandardContext.reload Reloading Context with name [] has started
04-Oct-2015 15:37:54.617 INFO [ContainerBackgroundProcessor[StandardEngine[Catalina]]] org.apache.catalina.core.StandardContext.reload Reloading Context with name [] is completed
04-Oct-2015 15:39:04.624 INFO [ContainerBackgroundProcessor[StandardEngine[Catalina]]] org.apache.catalina.core.StandardContext.reload Reloading Context with name [] has started
04-Oct-2015 15:39:04.660 INFO [ContainerBackgroundProcessor[StandardEngine[Catalina]]] org.apache.catalina.core.StandardContext.reload Reloading Context with name [] is completed
04-Oct-2015 16:02:54.770 INFO [ContainerBackgroundProcessor[StandardEngine[Catalina]]] org.apache.catalina.core.StandardContext.reload Reloading Context with name [] has started
04-Oct-2015 16:02:54.832 INFO [ContainerBackgroundProcessor[StandardEngine[Catalina]]] org.apache.catalina.core.StandardContext.reload Reloading Context with name [] is completed
04-Oct-2015 16:05:24.867 INFO [ContainerBackgroundProcessor[StandardEngine[Catalina]]] org.apache.catalina.core.StandardContext.reload Reloading Context with name [] has started
04-Oct-2015 16:05:24.891 INFO [ContainerBackgroundProcessor[StandardEngine[Catalina]]] org.apache.catalina.core.StandardContext.reload Reloading Context with name [] is completed
04-Oct-2015 16:15:54.951 INFO [ContainerBackgroundProcessor[StandardEngine[Catalina]]] org.apache.catalina.core.StandardContext.reload Reloading Context with name [] has started
04-Oct-2015 16:15:54.981 INFO [ContainerBackgroundProcessor[StandardEngine[Catalina]]] org.apache.catalina.core.StandardContext.reload Reloading Context with name [] is completed
04-Oct-2015 16:38:05.057 INFO [ContainerBackgroundProcessor[StandardEngine[Catalina]]] org.apache.catalina.core.StandardContext.reload Reloading Context with name [] has started
04-Oct-2015 16:38:05.074 INFO [ContainerBackgroundProcessor[StandardEngine[Catalina]]] org.apache.catalina.core.StandardContext.reload Reloading Context with name [] is completed
04-Oct-2015 16:59:52.742 INFO [Thread-5] org.apache.coyote.AbstractProtocol.pause Pausing ProtocolHandler ["http-nio-80"]
04-Oct-2015 16:59:59.441 INFO [Thread-5] org.apache.coyote.AbstractProtocol.pause Pausing ProtocolHandler ["ajp-nio-8009"]
04-Oct-2015 16:59:59.492 INFO [Thread-5] org.apache.catalina.core.StandardService.stopInternal Stopping service Catalina
04-Oct-2015 17:00:01.695 INFO [Thread-5] org.apache.coyote.AbstractProtocol.stop Stopping ProtocolHandler ["http-nio-80"]
04-Oct-2015 17:00:01.733 INFO [Thread-5] org.apache.coyote.AbstractProtocol.stop Stopping ProtocolHandler ["ajp-nio-8009"]
04-Oct-2015 17:00:01.815 INFO [Thread-5] org.apache.coyote.AbstractProtocol.destroy Destroying ProtocolHandler ["http-nio-80"]
04-Oct-2015 17:00:01.816 INFO [Thread-5] org.apache.coyote.AbstractProtocol.destroy Destroying ProtocolHandler ["ajp-nio-8009"]
